Initialize engine version: 5.0.1f1 (5a2e8fe35a68)
GfxDevice: creating device client; threaded=1
Direct3D:
    Version:  Direct3D 11.0 [level 10.1]
    Renderer: ATI Mobility Radeon HD 4670 (Microsoft Corporation - WDDM v1.1) (ID=0x9488)
    Vendor:   ATI
    VRAM:     1017 MB
Begin MonoManager ReloadAssembly
Platform assembly: C:\code\Planet Hunters\planetHunters_Data\Managed\UnityEngine.dll (this message is harmless)
Loading C:\code\Planet Hunters\planetHunters_Data\Managed\UnityEngine.dll into Unity Child Domain
Platform assembly: C:\code\Planet Hunters\planetHunters_Data\Managed\Assembly-CSharp-firstpass.dll (this message is harmless)
Loading C:\code\Planet Hunters\planetHunters_Data\Managed\Assembly-CSharp-firstpass.dll into Unity Child Domain
Platform assembly: C:\code\Planet Hunters\planetHunters_Data\Managed\Assembly-CSharp.dll (this message is harmless)
Loading C:\code\Planet Hunters\planetHunters_Data\Managed\Assembly-CSharp.dll into Unity Child Domain
Platform assembly: C:\code\Planet Hunters\planetHunters_Data\Managed\Assembly-UnityScript.dll (this message is harmless)
Loading C:\code\Planet Hunters\planetHunters_Data\Managed\Assembly-UnityScript.dll into Unity Child Domain
Platform assembly: C:\code\Planet Hunters\planetHunters_Data\Managed\UnityEngine.UI.dll (this message is harmless)
Loading C:\code\Planet Hunters\planetHunters_Data\Managed\UnityEngine.UI.dll into Unity Child Domain
Platform assembly: C:\code\Planet Hunters\planetHunters_Data\Managed\pseudoSinCos.dll (this message is harmless)
Loading C:\code\Planet Hunters\planetHunters_Data\Managed\pseudoSinCos.dll into Unity Child Domain
- Completed reload, in  0.231 seconds
desktop: 1920x1080 60Hz; virtual: 1920x1080 at 0,0
<RI> Initializing input.
XInput1_3.dll not found. Trying XInput9_1_0.dll instead...
<RI> Input initialized.
<RI> Initialized touch support.
Platform assembly: C:\code\Planet Hunters\planetHunters_Data\Managed\System.Core.dll (this message is harmless)
Platform assembly: C:\code\Planet Hunters\planetHunters_Data\Managed\System.dll (this message is harmless)
The referenced script on this Behaviour is missing!
 
(Filename:  Line: 1713)

Shader 'Nature/Terrain/Specular': fallback shader 'Nature/Terrain/Diffuse' not found
FingerGestures: using Mouse Input Provider
 
(Filename: C:/buildslave/unity/build/artifacts/generated/common/runtime/UnityEngineDebug.gen.cpp Line: 56)

Platform assembly: C:\code\Planet Hunters\planetHunters_Data\Managed\System.Xml.dll (this message is harmless)
center (8.9, 5.0, 5.0)
 
(Filename: C:/buildslave/unity/build/artifacts/generated/common/runtime/UnityEngineDebug.gen.cpp Line: 56)

17.77778 10
 
(Filename: C:/buildslave/unity/build/artifacts/generated/common/runtime/UnityEngineDebug.gen.cpp Line: 56)

spawn side is 0
 
(Filename: C:/buildslave/unity/build/artifacts/generated/common/runtime/UnityEngineDebug.gen.cpp Line: 56)

testing path 7.695168 7 0 -50000
 
(Filename: C:/buildslave/unity/build/artifacts/generated/common/runtime/UnityEngineDebug.gen.cpp Line: 56)

True
 
(Filename: C:/buildslave/unity/build/artifacts/generated/common/runtime/UnityEngineDebug.gen.cpp Line: 56)

Setting up 1 worker threads for Enlighten.
  Thread -> id: 1c9c -> priority: 1 
17.77778 10
 
(Filename: C:/buildslave/unity/build/artifacts/generated/common/runtime/UnityEngineDebug.gen.cpp Line: 56)

spawn side is 3
 
(Filename: C:/buildslave/unity/build/artifacts/generated/common/runtime/UnityEngineDebug.gen.cpp Line: 56)

testing path -10.88889 -4.55886 50000 0
 
(Filename: C:/buildslave/unity/build/artifacts/generated/common/runtime/UnityEngineDebug.gen.cpp Line: 56)

True
 
(Filename: C:/buildslave/unity/build/artifacts/generated/common/runtime/UnityEngineDebug.gen.cpp Line: 56)

Tapped object: design
 
(Filename: C:/buildslave/unity/build/artifacts/generated/common/runtime/UnityEngineDebug.gen.cpp Line: 56)

No object was tapped at (1646.0, 1028.0) 3.580997
 
(Filename: C:/buildslave/unity/build/artifacts/generated/common/runtime/UnityEngineDebug.gen.cpp Line: 56)

No object was tapped at (1069.0, 280.0) 0.3656483
 
(Filename: C:/buildslave/unity/build/artifacts/generated/common/runtime/UnityEngineDebug.gen.cpp Line: 56)

damage
 
(Filename: C:/buildslave/unity/build/artifacts/generated/common/runtime/UnityEngineDebug.gen.cpp Line: 56)

No object was tapped at (1418.0, 807.0) 2.281969
 
(Filename: C:/buildslave/unity/build/artifacts/generated/common/runtime/UnityEngineDebug.gen.cpp Line: 56)

No object was tapped at (700.0, 761.0) 0.7159653
 
(Filename: C:/buildslave/unity/build/artifacts/generated/common/runtime/UnityEngineDebug.gen.cpp Line: 56)

damage
 
(Filename: C:/buildslave/unity/build/artifacts/generated/common/runtime/UnityEngineDebug.gen.cpp Line: 56)

damage
 
(Filename: C:/buildslave/unity/build/artifacts/generated/common/runtime/UnityEngineDebug.gen.cpp Line: 56)

17.77778 10
 
(Filename: C:/buildslave/unity/build/artifacts/generated/common/runtime/UnityEngineDebug.gen.cpp Line: 56)

spawn side is 3
 
(Filename: C:/buildslave/unity/build/artifacts/generated/common/runtime/UnityEngineDebug.gen.cpp Line: 56)

testing path -10.88889 -2.025044 50000 0
 
(Filename: C:/buildslave/unity/build/artifacts/generated/common/runtime/UnityEngineDebug.gen.cpp Line: 56)

True
 
(Filename: C:/buildslave/unity/build/artifacts/generated/common/runtime/UnityEngineDebug.gen.cpp Line: 56)

No object was tapped at (519.0, 669.0) 0.917366
 
(Filename: C:/buildslave/unity/build/artifacts/generated/common/runtime/UnityEngineDebug.gen.cpp Line: 56)

No object was tapped at (230.0, 825.0) 0.5159607
 
(Filename: C:/buildslave/unity/build/artifacts/generated/common/runtime/UnityEngineDebug.gen.cpp Line: 56)

InvalidOperationException: Collection was modified; enumeration operation may not execute.
  at System.Collections.Generic.List`1+Enumerator[Body].VerifyState () [0x00000] in <filename unknown>:0 
  at System.Collections.Generic.List`1+Enumerator[Body].MoveNext () [0x00000] in <filename unknown>:0 
  at SolarSystem.UpdateForces (Single dt) [0x00000] in <filename unknown>:0 
  at SolarSystem.FixedUpdate () [0x00000] in <filename unknown>:0 
 
(Filename:  Line: -1)

damage
 
(Filename: C:/buildslave/unity/build/artifacts/generated/common/runtime/UnityEngineDebug.gen.cpp Line: 56)

No object was tapped at (284.0, 679.0) 1.149555
 
(Filename: C:/buildslave/unity/build/artifacts/generated/common/runtime/UnityEngineDebug.gen.cpp Line: 56)

No object was tapped at (576.0, 844.0) 2.897861
 
(Filename: C:/buildslave/unity/build/artifacts/generated/common/runtime/UnityEngineDebug.gen.cpp Line: 56)

damage
 
(Filename: C:/buildslave/unity/build/artifacts/generated/common/runtime/UnityEngineDebug.gen.cpp Line: 56)

No object was tapped at (217.0, 383.0) 2.964981
 
(Filename: C:/buildslave/unity/build/artifacts/generated/common/runtime/UnityEngineDebug.gen.cpp Line: 56)

InvalidOperationException: Collection was modified; enumeration operation may not execute.
  at System.Collections.Generic.List`1+Enumerator[Body].VerifyState () [0x00000] in <filename unknown>:0 
  at System.Collections.Generic.List`1+Enumerator[Body].MoveNext () [0x00000] in <filename unknown>:0 
  at SolarSystem.UpdateForces (Single dt) [0x00000] in <filename unknown>:0 
  at SolarSystem.FixedUpdate () [0x00000] in <filename unknown>:0 
 
(Filename:  Line: -1)

No object was tapped at (527.0, 654.0) 0.8495865
 
(Filename: C:/buildslave/unity/build/artifacts/generated/common/runtime/UnityEngineDebug.gen.cpp Line: 56)

17.77778 10
 
(Filename: C:/buildslave/unity/build/artifacts/generated/common/runtime/UnityEngineDebug.gen.cpp Line: 56)

spawn side is 0
 
(Filename: C:/buildslave/unity/build/artifacts/generated/common/runtime/UnityEngineDebug.gen.cpp Line: 56)

testing path 0.8514161 7 0 -50000
 
(Filename: C:/buildslave/unity/build/artifacts/generated/common/runtime/UnityEngineDebug.gen.cpp Line: 56)

True
 
(Filename: C:/buildslave/unity/build/artifacts/generated/common/runtime/UnityEngineDebug.gen.cpp Line: 56)

No object was tapped at (704.0, 673.0) 0.7158356
 
(Filename: C:/buildslave/unity/build/artifacts/generated/common/runtime/UnityEngineDebug.gen.cpp Line: 56)

damage
 
(Filename: C:/buildslave/unity/build/artifacts/generated/common/runtime/UnityEngineDebug.gen.cpp Line: 56)

No object was tapped at (733.0, 427.0) 0.8833466
 
(Filename: C:/buildslave/unity/build/artifacts/generated/common/runtime/UnityEngineDebug.gen.cpp Line: 56)

No object was tapped at (664.0, 448.0) 0.4834404
 
(Filename: C:/buildslave/unity/build/artifacts/generated/common/runtime/UnityEngineDebug.gen.cpp Line: 56)

No object was tapped at (1044.0, 733.0) 1.616245
 
(Filename: C:/buildslave/unity/build/artifacts/generated/common/runtime/UnityEngineDebug.gen.cpp Line: 56)

damage
 
(Filename: C:/buildslave/unity/build/artifacts/generated/common/runtime/UnityEngineDebug.gen.cpp Line: 56)

No object was tapped at (730.0, 878.0) 5.013866
 
(Filename: C:/buildslave/unity/build/artifacts/generated/common/runtime/UnityEngineDebug.gen.cpp Line: 56)

17.77778 10
 
(Filename: C:/buildslave/unity/build/artifacts/generated/common/runtime/UnityEngineDebug.gen.cpp Line: 56)

spawn side is 1
 
(Filename: C:/buildslave/unity/build/artifacts/generated/common/runtime/UnityEngineDebug.gen.cpp Line: 56)

testing path 10.88889 1.568584 -50000 0
 
(Filename: C:/buildslave/unity/build/artifacts/generated/common/runtime/UnityEngineDebug.gen.cpp Line: 56)

True
 
(Filename: C:/buildslave/unity/build/artifacts/generated/common/runtime/UnityEngineDebug.gen.cpp Line: 56)

damage
 
(Filename: C:/buildslave/unity/build/artifacts/generated/common/runtime/UnityEngineDebug.gen.cpp Line: 56)

No object was tapped at (1337.0, 796.0) 2.999016
 
(Filename: C:/buildslave/unity/build/artifacts/generated/common/runtime/UnityEngineDebug.gen.cpp Line: 56)

No object was tapped at (1417.0, 876.0) 0.4504166
 
(Filename: C:/buildslave/unity/build/artifacts/generated/common/runtime/UnityEngineDebug.gen.cpp Line: 56)

No object was tapped at (1367.0, 944.0) 0.8491364
 
(Filename: C:/buildslave/unity/build/artifacts/generated/common/runtime/UnityEngineDebug.gen.cpp Line: 56)

